<?xml version="1.0" encoding="UTF-8"?>
<testng-results ignored="0" total="1" passed="1" failed="0" skipped="0">
  <reporter-output>
  </reporter-output>
  <suite started-at="2021-02-22T14:57:56 IST" name="Default suite" finished-at="2021-02-22T14:58:03 IST" duration-ms="7402">
    <groups>
      <group name="cucumber">
        <method signature="AbstractTestNGCucumberTests.runScenario(io.cucumber.testng.PickleWrapper, io.cucumber.testng.FeatureWrapper)[pri:0, instance:runners.TestNGCucumberRunner@2e55dd0c]" name="runScenario" class="io.cucumber.testng.AbstractTestNGCucumberTests"/>
      </group> <!-- cucumber -->
    </groups>
    <test started-at="2021-02-22T14:57:56 IST" name="Default test" finished-at="2021-02-22T14:58:03 IST" duration-ms="7402">
      <class name="runners.TestNGCucumberRunner">
        <test-method is-config="true" signature="setUpClass()[pri:0, instance:runners.TestNGCucumberRunner@2e55dd0c]" started-at="2021-02-22T14:57:56 IST" name="setUpClass" finished-at="2021-02-22T14:57:56 IST" duration-ms="358" status="PASS">
          <reporter-output>
          </reporter-output>
        </test-method> <!-- setUpClass -->
        <test-method signature="runScenario(io.cucumber.testng.PickleWrapper, io.cucumber.testng.FeatureWrapper)[pri:0, instance:runners.TestNGCucumberRunner@2e55dd0c]" started-at="2021-02-22T14:57:56 IST" name="runScenario" description="Runs Cucumber Scenarios" data-provider="scenarios" finished-at="2021-02-22T14:58:01 IST" duration-ms="5239" status="PASS">
          <params>
            <param index="0">
              <value>
                <![CDATA["the Authorized user can Add and Remove a book."]]>
              </value>
            </param>
            <param index="1">
              <value>
                <![CDATA["Optional[End to End Tests for ToolsQA's Book Store API]"]]>
              </value>
            </param>
          </params>
          <reporter-output>
          </reporter-output>
        </test-method> <!-- runScenario -->
        <test-method is-config="true" signature="tearDownClass()[pri:0, instance:runners.TestNGCucumberRunner@2e55dd0c]" started-at="2021-02-22T14:58:01 IST" name="tearDownClass" finished-at="2021-02-22T14:58:03 IST" duration-ms="1776" status="PASS">
          <reporter-output>
          </reporter-output>
        </test-method> <!-- tearDownClass -->
      </class> <!-- runners.TestNGCucumberRunner -->
    </test> <!-- Default test -->
  </suite> <!-- Default suite -->
</testng-results>
